{"D:\\Desktop\\hw\\IT-project\\expense-tracker\\src\\utils\\finance.jsx": {"path":"D:\\Desktop\\hw\\IT-project\\expense-tracker\\src\\utils\\finance.jsx","statementMap":{"0":{"start":{"line":1,"column":31},"end":{"line":4,"column":null}},"1":{"start":{"line":2,"column":2},"end":{"line":4,"column":null}},"2":{"start":{"line":3,"column":19},"end":{"line":3,"column":38}},"3":{"start":{"line":4,"column":24},"end":{"line":4,"column":40}},"4":{"start":{"line":6,"column":32},"end":{"line":9,"column":null}},"5":{"start":{"line":7,"column":2},"end":{"line":9,"column":null}},"6":{"start":{"line":8,"column":19},"end":{"line":8,"column":39}},"7":{"start":{"line":9,"column":24},"end":{"line":9,"column":40}},"8":{"start":{"line":11,"column":32},"end":{"line":14,"column":null}},"9":{"start":{"line":12,"column":2},"end":{"line":14,"column":null}},"10":{"start":{"line":13,"column":19},"end":{"line":13,"column":39}},"11":{"start":{"line":14,"column":24},"end":{"line":14,"column":40}},"12":{"start":{"line":16,"column":32},"end":{"line":17,"column":null}},"13":{"start":{"line":17,"column":2},"end":{"line":17,"column":null}},"14":{"start":{"line":19,"column":30},"end":{"line":19,"column":null}},"15":{"start":{"line":19,"column":42},"end":{"line":19,"column":null}}},"fnMap":{"0":{"name":"(anonymous_0)","decl":{"start":{"line":1,"column":31},"end":{"line":1,"column":32}},"loc":{"start":{"line":2,"column":2},"end":{"line":4,"column":null}},"line":2},"1":{"name":"(anonymous_1)","decl":{"start":{"line":3,"column":12},"end":{"line":3,"column":13}},"loc":{"start":{"line":3,"column":19},"end":{"line":3,"column":38}},"line":3},"2":{"name":"(anonymous_2)","decl":{"start":{"line":4,"column":12},"end":{"line":4,"column":13}},"loc":{"start":{"line":4,"column":24},"end":{"line":4,"column":40}},"line":4},"3":{"name":"(anonymous_3)","decl":{"start":{"line":6,"column":32},"end":{"line":6,"column":33}},"loc":{"start":{"line":7,"column":2},"end":{"line":9,"column":null}},"line":7},"4":{"name":"(anonymous_4)","decl":{"start":{"line":8,"column":12},"end":{"line":8,"column":13}},"loc":{"start":{"line":8,"column":19},"end":{"line":8,"column":39}},"line":8},"5":{"name":"(anonymous_5)","decl":{"start":{"line":9,"column":12},"end":{"line":9,"column":13}},"loc":{"start":{"line":9,"column":24},"end":{"line":9,"column":40}},"line":9},"6":{"name":"(anonymous_6)","decl":{"start":{"line":11,"column":32},"end":{"line":11,"column":33}},"loc":{"start":{"line":12,"column":2},"end":{"line":14,"column":null}},"line":12},"7":{"name":"(anonymous_7)","decl":{"start":{"line":13,"column":12},"end":{"line":13,"column":13}},"loc":{"start":{"line":13,"column":19},"end":{"line":13,"column":39}},"line":13},"8":{"name":"(anonymous_8)","decl":{"start":{"line":14,"column":12},"end":{"line":14,"column":13}},"loc":{"start":{"line":14,"column":24},"end":{"line":14,"column":40}},"line":14},"9":{"name":"(anonymous_9)","decl":{"start":{"line":16,"column":32},"end":{"line":16,"column":33}},"loc":{"start":{"line":17,"column":2},"end":{"line":17,"column":null}},"line":17},"10":{"name":"(anonymous_10)","decl":{"start":{"line":19,"column":30},"end":{"line":19,"column":31}},"loc":{"start":{"line":19,"column":42},"end":{"line":19,"column":null}},"line":19}},"branchMap":{},"s":{"0":1,"1":3,"2":5,"3":2,"4":1,"5":1,"6":4,"7":2,"8":1,"9":1,"10":4,"11":1,"12":1,"13":1,"14":1,"15":0},"f":{"0":3,"1":5,"2":2,"3":1,"4":4,"5":2,"6":1,"7":4,"8":1,"9":1,"10":0},"b":{},"meta":{"lastBranch":0,"lastFunction":11,"lastStatement":16,"seen":{"s:1:31:4:Infinity":0,"f:1:31:1:32":0,"s:2:2:4:Infinity":1,"f:3:12:3:13":1,"s:3:19:3:38":2,"f:4:12:4:13":2,"s:4:24:4:40":3,"s:6:32:9:Infinity":4,"f:6:32:6:33":3,"s:7:2:9:Infinity":5,"f:8:12:8:13":4,"s:8:19:8:39":6,"f:9:12:9:13":5,"s:9:24:9:40":7,"s:11:32:14:Infinity":8,"f:11:32:11:33":6,"s:12:2:14:Infinity":9,"f:13:12:13:13":7,"s:13:19:13:39":10,"f:14:12:14:13":8,"s:14:24:14:40":11,"s:16:32:17:Infinity":12,"f:16:32:16:33":9,"s:17:2:17:Infinity":13,"s:19:30:19:Infinity":14,"f:19:30:19:31":10,"s:19:42:19:Infinity":15}}}
}
